<?xml version="1.0" encoding="utf-8" standalone="no"?>
<test-run id="2" testcasecount="52" result="Passed" total="52" passed="52" failed="0" inconclusive="0" skipped="0" asserts="66" engine-version="3.10.0.0" clr-version="4.0.30319.42000" start-time="2019-09-17 12:47:05Z" end-time="2019-09-17 12:47:08Z" duration="2.982927">
  <command-line><![CDATA[nunit3-console  ..\..\..\ProjectManager.Tests\bin\Debug\ProjectManager.Tests.dll]]></command-line>
  <test-suite type="Assembly" id="0-1055" name="ProjectManager.Tests.dll" fullname="ProjectManager.Tests.dll" runstate="Runnable" testcasecount="52" result="Passed" start-time="2019-09-17 12:47:07Z" end-time="2019-09-17 12:47:08Z" duration="1.112651" total="52" passed="52" failed="0" warnings="0" inconclusive="0" skipped="0" asserts="66">
    <environment framework-version="3.11.0.0" clr-version="4.0.30319.42000" os-version="Microsoft Windows NT 10.0.16299.0" platform="Win32NT" cwd="C:\FSE\FSE_Final_424618_Git\FSE_Final\03_Middle_Tier_Layer\ProjectManager\packages\NUnit.ConsoleRunner.3.10.0\tools" machine-name="DOTNET" user="Admin" user-domain="DOTNET" culture="en-IN" uiculture="en-US" os-architecture="x64" />
    <settings>
      <setting name="DisposeRunners" value="True" />
      <setting name="WorkDirectory" value="C:\FSE\FSE_Final_424618_Git\FSE_Final\03_Middle_Tier_Layer\ProjectManager\packages\NUnit.ConsoleRunner.3.10.0\tools" />
      <setting name="ImageRuntimeVersion" value="4.0.30319" />
      <setting name="ImageTargetFrameworkName" value=".NETFramework,Version=v4.6.1" />
      <setting name="ImageRequiresX86" value="False" />
      <setting name="ImageRequiresDefaultAppDomainAssemblyResolver" value="False" />
      <setting name="NumberOfTestWorkers" value="3" />
    </settings>
    <properties>
      <property name="_PID" value="3668" />
      <property name="_APPDOMAIN" value="domain-" />
    </properties>
    <test-suite type="TestSuite" id="0-1056" name="ProjectManager" fullname="ProjectManager" runstate="Runnable" testcasecount="52" result="Passed" start-time="2019-09-17 12:47:07Z" end-time="2019-09-17 12:47:08Z" duration="1.090223" total="52" passed="52" failed="0" warnings="0" inconclusive="0" skipped="0" asserts="66">
      <test-suite type="TestSuite" id="0-1057" name="Test" fullname="ProjectManager.Test" runstate="Runnable" testcasecount="52" result="Passed" start-time="2019-09-17 12:47:07Z" end-time="2019-09-17 12:47:08Z" duration="1.089703" total="52" passed="52" failed="0" warnings="0" inconclusive="0" skipped="0" asserts="66">
        <test-suite type="TestFixture" id="0-1000" name="ProjectControllerTest" fullname="ProjectManager.Test.ProjectControllerTest" classname="ProjectManager.Test.ProjectControllerTest" runstate="Runnable" testcasecount="17" result="Passed" start-time="2019-09-17 12:47:07Z" end-time="2019-09-17 12:47:08Z" duration="0.940811" total="17" passed="17" failed="0" warnings="0" inconclusive="0" skipped="0" asserts="19">
          <test-case id="0-1017" name="TestDeleteProject_CompletedTasksGreater" fullname="ProjectManager.Test.ProjectControllerTest.TestDeleteProject_CompletedTasksGreater" methodname="TestDeleteProject_CompletedTasksGreater" classname="ProjectManager.Test.ProjectControllerTest" runstate="Runnable" seed="758761634" result="Passed" start-time="2019-09-17 12:47:07Z" end-time="2019-09-17 12:47:08Z" duration="0.804465" asserts="1" />
          <test-case id="0-1014" name="TestDeleteProject_NegativeProjectId" fullname="ProjectManager.Test.ProjectControllerTest.TestDeleteProject_NegativeProjectId" methodname="TestDeleteProject_NegativeProjectId" classname="ProjectManager.Test.ProjectControllerTest" runstate="Runnable" seed="2017158819" result="Passed" start-time="2019-09-17 12:47:08Z" end-time="2019-09-17 12:47:08Z" duration="0.001285" asserts="1" />
          <test-case id="0-1016" name="TestDeleteProject_NegativeProjectIdInUser" fullname="ProjectManager.Test.ProjectControllerTest.TestDeleteProject_NegativeProjectIdInUser" methodname="TestDeleteProject_NegativeProjectIdInUser" classname="ProjectManager.Test.ProjectControllerTest" runstate="Runnable" seed="1129385428" result="Passed" start-time="2019-09-17 12:47:08Z" end-time="2019-09-17 12:47:08Z" duration="0.001100" asserts="1" />
          <test-case id="0-1013" name="TestDeleteProject_NoProjectAsParameter" fullname="ProjectManager.Test.ProjectControllerTest.TestDeleteProject_NoProjectAsParameter" methodname="TestDeleteProject_NoProjectAsParameter" classname="ProjectManager.Test.ProjectControllerTest" runstate="Runnable" seed="308417547" result="Passed" start-time="2019-09-17 12:47:08Z" end-time="2019-09-17 12:47:08Z" duration="0.005528" asserts="1" />
          <test-case id="0-1015" name="TestDeleteProject_UserNullInProject" fullname="ProjectManager.Test.ProjectControllerTest.TestDeleteProject_UserNullInProject" methodname="TestDeleteProject_UserNullInProject" classname="ProjectManager.Test.ProjectControllerTest" runstate="Runnable" seed="1154547485" result="Passed" start-time="2019-09-17 12:47:08Z" end-time="2019-09-17 12:47:08Z" duration="0.001050" asserts="1" />
          <test-case id="0-1002" name="TestDeleteProjects_Success" fullname="ProjectManager.Test.ProjectControllerTest.TestDeleteProjects_Success" methodname="TestDeleteProjects_Success" classname="ProjectManager.Test.ProjectControllerTest" runstate="Runnable" seed="304855419" result="Passed" start-time="2019-09-17 12:47:08Z" end-time="2019-09-17 12:47:08Z" duration="0.095204" asserts="2" />
          <test-case id="0-1007" name="TestInsertProject_CompletedTasksGreater" fullname="ProjectManager.Test.ProjectControllerTest.TestInsertProject_CompletedTasksGreater" methodname="TestInsertProject_CompletedTasksGreater" classname="ProjectManager.Test.ProjectControllerTest" runstate="Runnable" seed="1385772554" result="Passed" start-time="2019-09-17 12:47:08Z" end-time="2019-09-17 12:47:08Z" duration="0.001476" asserts="1" />
          <test-case id="0-1004" name="TestInsertProject_NegativeProjectId" fullname="ProjectManager.Test.ProjectControllerTest.TestInsertProject_NegativeProjectId" methodname="TestInsertProject_NegativeProjectId" classname="ProjectManager.Test.ProjectControllerTest" runstate="Runnable" seed="1902763265" result="Passed" start-time="2019-09-17 12:47:08Z" end-time="2019-09-17 12:47:08Z" duration="0.000925" asserts="1" />
          <test-case id="0-1006" name="TestInsertProject_NegativeProjectIdInUser" fullname="ProjectManager.Test.ProjectControllerTest.TestInsertProject_NegativeProjectIdInUser" methodname="TestInsertProject_NegativeProjectIdInUser" classname="ProjectManager.Test.ProjectControllerTest" runstate="Runnable" seed="692126385" result="Passed" start-time="2019-09-17 12:47:08Z" end-time="2019-09-17 12:47:08Z" duration="0.000845" asserts="1" />
          <test-case id="0-1003" name="TestInsertProject_NoProjectAsParameter" fullname="ProjectManager.Test.ProjectControllerTest.TestInsertProject_NoProjectAsParameter" methodname="TestInsertProject_NoProjectAsParameter" classname="ProjectManager.Test.ProjectControllerTest" runstate="Runnable" seed="862660158" result="Passed" start-time="2019-09-17 12:47:08Z" end-time="2019-09-17 12:47:08Z" duration="0.000624" asserts="1" />
          <test-case id="0-1005" name="TestInsertProject_UserNullInProject" fullname="ProjectManager.Test.ProjectControllerTest.TestInsertProject_UserNullInProject" methodname="TestInsertProject_UserNullInProject" classname="ProjectManager.Test.ProjectControllerTest" runstate="Runnable" seed="781077467" result="Passed" start-time="2019-09-17 12:47:08Z" end-time="2019-09-17 12:47:08Z" duration="0.000828" asserts="1" />
          <test-case id="0-1012" name="TestUpdateProject_CompletedTasksGreater" fullname="ProjectManager.Test.ProjectControllerTest.TestUpdateProject_CompletedTasksGreater" methodname="TestUpdateProject_CompletedTasksGreater" classname="ProjectManager.Test.ProjectControllerTest" runstate="Runnable" seed="829419666" result="Passed" start-time="2019-09-17 12:47:08Z" end-time="2019-09-17 12:47:08Z" duration="0.001320" asserts="1" />
          <test-case id="0-1009" name="TestUpdateProject_NegativeProjectId" fullname="ProjectManager.Test.ProjectControllerTest.TestUpdateProject_NegativeProjectId" methodname="TestUpdateProject_NegativeProjectId" classname="ProjectManager.Test.ProjectControllerTest" runstate="Runnable" seed="606169418" result="Passed" start-time="2019-09-17 12:47:08Z" end-time="2019-09-17 12:47:08Z" duration="0.000877" asserts="1" />
          <test-case id="0-1011" name="TestUpdateProject_NegativeProjectIdInUser" fullname="ProjectManager.Test.ProjectControllerTest.TestUpdateProject_NegativeProjectIdInUser" methodname="TestUpdateProject_NegativeProjectIdInUser" classname="ProjectManager.Test.ProjectControllerTest" runstate="Runnable" seed="221420432" result="Passed" start-time="2019-09-17 12:47:08Z" end-time="2019-09-17 12:47:08Z" duration="0.000891" asserts="1" />
          <test-case id="0-1008" name="TestUpdateProject_NoProjectAsParameter" fullname="ProjectManager.Test.ProjectControllerTest.TestUpdateProject_NoProjectAsParameter" methodname="TestUpdateProject_NoProjectAsParameter" classname="ProjectManager.Test.ProjectControllerTest" runstate="Runnable" seed="407532504" result="Passed" start-time="2019-09-17 12:47:08Z" end-time="2019-09-17 12:47:08Z" duration="0.000605" asserts="1" />
          <test-case id="0-1010" name="TestUpdateProject_UserNullInProject" fullname="ProjectManager.Test.ProjectControllerTest.TestUpdateProject_UserNullInProject" methodname="TestUpdateProject_UserNullInProject" classname="ProjectManager.Test.ProjectControllerTest" runstate="Runnable" seed="679641060" result="Passed" start-time="2019-09-17 12:47:08Z" end-time="2019-09-17 12:47:08Z" duration="0.000796" asserts="1" />
          <test-case id="0-1001" name="TestUpdateProjects_Success" fullname="ProjectManager.Test.ProjectControllerTest.TestUpdateProjects_Success" methodname="TestUpdateProjects_Success" classname="ProjectManager.Test.ProjectControllerTest" runstate="Runnable" seed="823954023" result="Passed" start-time="2019-09-17 12:47:08Z" end-time="2019-09-17 12:47:08Z" duration="0.009268" asserts="2" />
        </test-suite>
        <test-suite type="TestFixture" id="0-1018" name="TaskControllerTest" fullname="ProjectManager.Test.TaskControllerTest" classname="ProjectManager.Test.TaskControllerTest" runstate="Runnable" testcasecount="18" result="Passed" start-time="2019-09-17 12:47:08Z" end-time="2019-09-17 12:47:08Z" duration="0.115955" total="18" passed="18" failed="0" warnings="0" inconclusive="0" skipped="0" asserts="26">
          <test-case id="0-1022" name="TestDeleteProjects_Success" fullname="ProjectManager.Test.TaskControllerTest.TestDeleteProjects_Success" methodname="TestDeleteProjects_Success" classname="ProjectManager.Test.TaskControllerTest" runstate="Runnable" seed="1742614644" result="Passed" start-time="2019-09-17 12:47:08Z" end-time="2019-09-17 12:47:08Z" duration="0.026015" asserts="2" />
          <test-case id="0-1035" name="TestDeleteTask_NegativeProjectId" fullname="ProjectManager.Test.TaskControllerTest.TestDeleteTask_NegativeProjectId" methodname="TestDeleteTask_NegativeProjectId" classname="ProjectManager.Test.TaskControllerTest" runstate="Runnable" seed="1936210839" result="Passed" start-time="2019-09-17 12:47:08Z" end-time="2019-09-17 12:47:08Z" duration="0.000750" asserts="1" />
          <test-case id="0-1036" name="TestDeleteTask_NegativeTaskId" fullname="ProjectManager.Test.TaskControllerTest.TestDeleteTask_NegativeTaskId" methodname="TestDeleteTask_NegativeTaskId" classname="ProjectManager.Test.TaskControllerTest" runstate="Runnable" seed="523793498" result="Passed" start-time="2019-09-17 12:47:08Z" end-time="2019-09-17 12:47:08Z" duration="0.000456" asserts="1" />
          <test-case id="0-1034" name="TestDeleteTask_NegativeTaskParentId" fullname="ProjectManager.Test.TaskControllerTest.TestDeleteTask_NegativeTaskParentId" methodname="TestDeleteTask_NegativeTaskParentId" classname="ProjectManager.Test.TaskControllerTest" runstate="Runnable" seed="2074158992" result="Passed" start-time="2019-09-17 12:47:08Z" end-time="2019-09-17 12:47:08Z" duration="0.000436" asserts="1" />
          <test-case id="0-1033" name="TestDeleteTask_NullTaskObject" fullname="ProjectManager.Test.TaskControllerTest.TestDeleteTask_NullTaskObject" methodname="TestDeleteTask_NullTaskObject" classname="ProjectManager.Test.TaskControllerTest" runstate="Runnable" seed="598684240" result="Passed" start-time="2019-09-17 12:47:08Z" end-time="2019-09-17 12:47:08Z" duration="0.000371" asserts="1" />
          <test-case id="0-1027" name="TestInsertTask_NegativeProjectId" fullname="ProjectManager.Test.TaskControllerTest.TestInsertTask_NegativeProjectId" methodname="TestInsertTask_NegativeProjectId" classname="ProjectManager.Test.TaskControllerTest" runstate="Runnable" seed="812580565" result="Passed" start-time="2019-09-17 12:47:08Z" end-time="2019-09-17 12:47:08Z" duration="0.000834" asserts="1" />
          <test-case id="0-1028" name="TestInsertTask_NegativeTaskId" fullname="ProjectManager.Test.TaskControllerTest.TestInsertTask_NegativeTaskId" methodname="TestInsertTask_NegativeTaskId" classname="ProjectManager.Test.TaskControllerTest" runstate="Runnable" seed="1036379536" result="Passed" start-time="2019-09-17 12:47:08Z" end-time="2019-09-17 12:47:08Z" duration="0.000512" asserts="1" />
          <test-case id="0-1026" name="TestInsertTask_NegativeTaskParentId" fullname="ProjectManager.Test.TaskControllerTest.TestInsertTask_NegativeTaskParentId" methodname="TestInsertTask_NegativeTaskParentId" classname="ProjectManager.Test.TaskControllerTest" runstate="Runnable" seed="928209281" result="Passed" start-time="2019-09-17 12:47:08Z" end-time="2019-09-17 12:47:08Z" duration="0.000471" asserts="1" />
          <test-case id="0-1025" name="TestInsertTask_NullTaskObject" fullname="ProjectManager.Test.TaskControllerTest.TestInsertTask_NullTaskObject" methodname="TestInsertTask_NullTaskObject" classname="ProjectManager.Test.TaskControllerTest" runstate="Runnable" seed="1943304384" result="Passed" start-time="2019-09-17 12:47:08Z" end-time="2019-09-17 12:47:08Z" duration="0.000391" asserts="1" />
          <test-case id="0-1020" name="TestRetrieveParentTasks_Success" fullname="ProjectManager.Test.TaskControllerTest.TestRetrieveParentTasks_Success" methodname="TestRetrieveParentTasks_Success" classname="ProjectManager.Test.TaskControllerTest" runstate="Runnable" seed="1976017065" result="Passed" start-time="2019-09-17 12:47:08Z" end-time="2019-09-17 12:47:08Z" duration="0.016371" asserts="3" />
          <test-case id="0-1024" name="TestRetrieveTaskByProjectId_NegativeTaskId" fullname="ProjectManager.Test.TaskControllerTest.TestRetrieveTaskByProjectId_NegativeTaskId" methodname="TestRetrieveTaskByProjectId_NegativeTaskId" classname="ProjectManager.Test.TaskControllerTest" runstate="Runnable" seed="1511253347" result="Passed" start-time="2019-09-17 12:47:08Z" end-time="2019-09-17 12:47:08Z" duration="0.000782" asserts="1" />
          <test-case id="0-1023" name="TestRetrieveTaskByProjectId_Success" fullname="ProjectManager.Test.TaskControllerTest.TestRetrieveTaskByProjectId_Success" methodname="TestRetrieveTaskByProjectId_Success" classname="ProjectManager.Test.TaskControllerTest" runstate="Runnable" seed="1093454732" result="Passed" start-time="2019-09-17 12:47:08Z" end-time="2019-09-17 12:47:08Z" duration="0.041947" asserts="4" />
          <test-case id="0-1019" name="TestRetrieveTasks_Success" fullname="ProjectManager.Test.TaskControllerTest.TestRetrieveTasks_Success" methodname="TestRetrieveTasks_Success" classname="ProjectManager.Test.TaskControllerTest" runstate="Runnable" seed="359800950" result="Passed" start-time="2019-09-17 12:47:08Z" end-time="2019-09-17 12:47:08Z" duration="0.011595" asserts="2" />
          <test-case id="0-1021" name="TestUpdateProjects_Success" fullname="ProjectManager.Test.TaskControllerTest.TestUpdateProjects_Success" methodname="TestUpdateProjects_Success" classname="ProjectManager.Test.TaskControllerTest" runstate="Runnable" seed="1258281547" result="Passed" start-time="2019-09-17 12:47:08Z" end-time="2019-09-17 12:47:08Z" duration="0.012349" asserts="2" />
          <test-case id="0-1031" name="TestUpdateTask_NegativeProjectId" fullname="ProjectManager.Test.TaskControllerTest.TestUpdateTask_NegativeProjectId" methodname="TestUpdateTask_NegativeProjectId" classname="ProjectManager.Test.TaskControllerTest" runstate="Runnable" seed="620594905" result="Passed" start-time="2019-09-17 12:47:08Z" end-time="2019-09-17 12:47:08Z" duration="0.000603" asserts="1" />
          <test-case id="0-1032" name="TestUpdateTask_NegativeTaskId" fullname="ProjectManager.Test.TaskControllerTest.TestUpdateTask_NegativeTaskId" methodname="TestUpdateTask_NegativeTaskId" classname="ProjectManager.Test.TaskControllerTest" runstate="Runnable" seed="834486642" result="Passed" start-time="2019-09-17 12:47:08Z" end-time="2019-09-17 12:47:08Z" duration="0.000583" asserts="1" />
          <test-case id="0-1030" name="TestUpdateTask_NegativeTaskParentId" fullname="ProjectManager.Test.TaskControllerTest.TestUpdateTask_NegativeTaskParentId" methodname="TestUpdateTask_NegativeTaskParentId" classname="ProjectManager.Test.TaskControllerTest" runstate="Runnable" seed="1434320321" result="Passed" start-time="2019-09-17 12:47:08Z" end-time="2019-09-17 12:47:08Z" duration="0.000505" asserts="1" />
          <test-case id="0-1029" name="TestUpdateTask_NullTaskObject" fullname="ProjectManager.Test.TaskControllerTest.TestUpdateTask_NullTaskObject" methodname="TestUpdateTask_NullTaskObject" classname="ProjectManager.Test.TaskControllerTest" runstate="Runnable" seed="1480474972" result="Passed" start-time="2019-09-17 12:47:08Z" end-time="2019-09-17 12:47:08Z" duration="0.000413" asserts="1" />
        </test-suite>
        <test-suite type="TestFixture" id="0-1037" name="UserControllerTest" fullname="ProjectManager.Test.UserControllerTest" classname="ProjectManager.Test.UserControllerTest" runstate="Runnable" testcasecount="17" result="Passed" start-time="2019-09-17 12:47:08Z" end-time="2019-09-17 12:47:08Z" duration="0.026352" total="17" passed="17" failed="0" warnings="0" inconclusive="0" skipped="0" asserts="21">
          <test-case id="0-1042" name="TestDeleteUser_InvalidEmployeeId" fullname="ProjectManager.Test.UserControllerTest.TestDeleteUser_InvalidEmployeeId" methodname="TestDeleteUser_InvalidEmployeeId" classname="ProjectManager.Test.UserControllerTest" runstate="Runnable" seed="1218729957" result="Passed" start-time="2019-09-17 12:47:08Z" end-time="2019-09-17 12:47:08Z" duration="0.004152" asserts="1" />
          <test-case id="0-1044" name="TestDeleteUser_InvalidProjectIdFormat" fullname="ProjectManager.Test.UserControllerTest.TestDeleteUser_InvalidProjectIdFormat" methodname="TestDeleteUser_InvalidProjectIdFormat" classname="ProjectManager.Test.UserControllerTest" runstate="Runnable" seed="520929641" result="Passed" start-time="2019-09-17 12:47:08Z" end-time="2019-09-17 12:47:08Z" duration="0.000811" asserts="1" />
          <test-case id="0-1043" name="TestDeleteUser_NegativeEmployeeId" fullname="ProjectManager.Test.UserControllerTest.TestDeleteUser_NegativeEmployeeId" methodname="TestDeleteUser_NegativeEmployeeId" classname="ProjectManager.Test.UserControllerTest" runstate="Runnable" seed="302770341" result="Passed" start-time="2019-09-17 12:47:08Z" end-time="2019-09-17 12:47:08Z" duration="0.000729" asserts="1" />
          <test-case id="0-1045" name="TestDeleteUser_NegativeUserIdFormat" fullname="ProjectManager.Test.UserControllerTest.TestDeleteUser_NegativeUserIdFormat" methodname="TestDeleteUser_NegativeUserIdFormat" classname="ProjectManager.Test.UserControllerTest" runstate="Runnable" seed="1889120587" result="Passed" start-time="2019-09-17 12:47:08Z" end-time="2019-09-17 12:47:08Z" duration="0.000727" asserts="1" />
          <test-case id="0-1040" name="TestDeleteUser_Success" fullname="ProjectManager.Test.UserControllerTest.TestDeleteUser_Success" methodname="TestDeleteUser_Success" classname="ProjectManager.Test.UserControllerTest" runstate="Runnable" seed="1781497557" result="Passed" start-time="2019-09-17 12:47:08Z" end-time="2019-09-17 12:47:08Z" duration="0.002544" asserts="2" />
          <test-case id="0-1041" name="TestDeleteUser_UserNullException" fullname="ProjectManager.Test.UserControllerTest.TestDeleteUser_UserNullException" methodname="TestDeleteUser_UserNullException" classname="ProjectManager.Test.UserControllerTest" runstate="Runnable" seed="1821735218" result="Passed" start-time="2019-09-17 12:47:08Z" end-time="2019-09-17 12:47:08Z" duration="0.000958" asserts="1" />
          <test-case id="0-1038" name="TestGetUser_Success" fullname="ProjectManager.Test.UserControllerTest.TestGetUser_Success" methodname="TestGetUser_Success" classname="ProjectManager.Test.UserControllerTest" runstate="Runnable" seed="991187215" result="Passed" start-time="2019-09-17 12:47:08Z" end-time="2019-09-17 12:47:08Z" duration="0.003393" asserts="3" />
          <test-case id="0-1052" name="TestInsertUser_InvalidEmployeeId" fullname="ProjectManager.Test.UserControllerTest.TestInsertUser_InvalidEmployeeId" methodname="TestInsertUser_InvalidEmployeeId" classname="ProjectManager.Test.UserControllerTest" runstate="Runnable" seed="725444387" result="Passed" start-time="2019-09-17 12:47:08Z" end-time="2019-09-17 12:47:08Z" duration="0.001245" asserts="1" />
          <test-case id="0-1054" name="TestInsertUser_InvalidProjectIdFormat" fullname="ProjectManager.Test.UserControllerTest.TestInsertUser_InvalidProjectIdFormat" methodname="TestInsertUser_InvalidProjectIdFormat" classname="ProjectManager.Test.UserControllerTest" runstate="Runnable" seed="1887943856" result="Passed" start-time="2019-09-17 12:47:08Z" end-time="2019-09-17 12:47:08Z" duration="0.000723" asserts="1" />
          <test-case id="0-1053" name="TestInsertUser_NegativeEmployeeId" fullname="ProjectManager.Test.UserControllerTest.TestInsertUser_NegativeEmployeeId" methodname="TestInsertUser_NegativeEmployeeId" classname="ProjectManager.Test.UserControllerTest" runstate="Runnable" seed="1343712909" result="Passed" start-time="2019-09-17 12:47:08Z" end-time="2019-09-17 12:47:08Z" duration="0.000751" asserts="1" />
          <test-case id="0-1051" name="TestInsertUser_UserNullException" fullname="ProjectManager.Test.UserControllerTest.TestInsertUser_UserNullException" methodname="TestInsertUser_UserNullException" classname="ProjectManager.Test.UserControllerTest" runstate="Runnable" seed="622203890" result="Passed" start-time="2019-09-17 12:47:08Z" end-time="2019-09-17 12:47:08Z" duration="0.003278" asserts="1" />
          <test-case id="0-1047" name="TestUpdateUser_InvalidEmployeeId" fullname="ProjectManager.Test.UserControllerTest.TestUpdateUser_InvalidEmployeeId" methodname="TestUpdateUser_InvalidEmployeeId" classname="ProjectManager.Test.UserControllerTest" runstate="Runnable" seed="659764243" result="Passed" start-time="2019-09-17 12:47:08Z" end-time="2019-09-17 12:47:08Z" duration="0.001278" asserts="1" />
          <test-case id="0-1049" name="TestUpdateUser_InvalidProjectIdFormat" fullname="ProjectManager.Test.UserControllerTest.TestUpdateUser_InvalidProjectIdFormat" methodname="TestUpdateUser_InvalidProjectIdFormat" classname="ProjectManager.Test.UserControllerTest" runstate="Runnable" seed="435703989" result="Passed" start-time="2019-09-17 12:47:08Z" end-time="2019-09-17 12:47:08Z" duration="0.000736" asserts="1" />
          <test-case id="0-1048" name="TestUpdateUser_NegativeEmployeeId" fullname="ProjectManager.Test.UserControllerTest.TestUpdateUser_NegativeEmployeeId" methodname="TestUpdateUser_NegativeEmployeeId" classname="ProjectManager.Test.UserControllerTest" runstate="Runnable" seed="368793373" result="Passed" start-time="2019-09-17 12:47:08Z" end-time="2019-09-17 12:47:08Z" duration="0.000704" asserts="1" />
          <test-case id="0-1050" name="TestUpdateUser_NegativeUserIdFormat" fullname="ProjectManager.Test.UserControllerTest.TestUpdateUser_NegativeUserIdFormat" methodname="TestUpdateUser_NegativeUserIdFormat" classname="ProjectManager.Test.UserControllerTest" runstate="Runnable" seed="1497720379" result="Passed" start-time="2019-09-17 12:47:08Z" end-time="2019-09-17 12:47:08Z" duration="0.000737" asserts="1" />
          <test-case id="0-1039" name="TestUpdateUser_Success" fullname="ProjectManager.Test.UserControllerTest.TestUpdateUser_Success" methodname="TestUpdateUser_Success" classname="ProjectManager.Test.UserControllerTest" runstate="Runnable" seed="575548399" result="Passed" start-time="2019-09-17 12:47:08Z" end-time="2019-09-17 12:47:08Z" duration="0.002509" asserts="2" />
          <test-case id="0-1046" name="TestUpdateUser_UserNullException" fullname="ProjectManager.Test.UserControllerTest.TestUpdateUser_UserNullException" methodname="TestUpdateUser_UserNullException" classname="ProjectManager.Test.UserControllerTest" runstate="Runnable" seed="298017119" result="Passed" start-time="2019-09-17 12:47:08Z" end-time="2019-09-17 12:47:08Z" duration="0.000738" asserts="1" />
        </test-suite>
      </test-suite>
    </test-suite>
  </test-suite>
</test-run>