<?xml version="1.0" encoding="utf-8" standalone="no"?>
<test-run id="2" testcasecount="52" result="Passed" total="52" passed="52" failed="0" inconclusive="0" skipped="0" asserts="66" engine-version="3.10.0.0" clr-version="4.0.30319.42000" start-time="2019-09-19 14:54:28Z" end-time="2019-09-19 14:54:33Z" duration="5.799774">
  <command-line><![CDATA[nunit3-console  ..\..\..\ProjectManager.Tests\bin\Debug\ProjectManager.Tests.dll]]></command-line>
  <test-suite type="Assembly" id="0-1055" name="ProjectManager.Tests.dll" fullname="ProjectManager.Tests.dll" runstate="Runnable" testcasecount="52" result="Passed" start-time="2019-09-19 14:54:32Z" end-time="2019-09-19 14:54:33Z" duration="1.272621" total="52" passed="52" failed="0" warnings="0" inconclusive="0" skipped="0" asserts="66">
    <environment framework-version="3.11.0.0" clr-version="4.0.30319.42000" os-version="Microsoft Windows NT 10.0.16299.0" platform="Win32NT" cwd="C:\FSE\FSE_Final_424618_Git\FSE_Final\03_Middle_Tier_Layer\ProjectManager\packages\NUnit.ConsoleRunner.3.10.0\tools" machine-name="DOTNET" user="Admin" user-domain="DOTNET" culture="en-IN" uiculture="en-US" os-architecture="x64" />
    <settings>
      <setting name="DisposeRunners" value="True" />
      <setting name="WorkDirectory" value="C:\FSE\FSE_Final_424618_Git\FSE_Final\03_Middle_Tier_Layer\ProjectManager\packages\NUnit.ConsoleRunner.3.10.0\tools" />
      <setting name="ImageRuntimeVersion" value="4.0.30319" />
      <setting name="ImageTargetFrameworkName" value=".NETFramework,Version=v4.6.1" />
      <setting name="ImageRequiresX86" value="False" />
      <setting name="ImageRequiresDefaultAppDomainAssemblyResolver" value="False" />
      <setting name="NumberOfTestWorkers" value="3" />
    </settings>
    <properties>
      <property name="_PID" value="10720" />
      <property name="_APPDOMAIN" value="domain-" />
    </properties>
    <test-suite type="TestSuite" id="0-1056" name="ProjectManager" fullname="ProjectManager" runstate="Runnable" testcasecount="52" result="Passed" start-time="2019-09-19 14:54:32Z" end-time="2019-09-19 14:54:33Z" duration="1.238582" total="52" passed="52" failed="0" warnings="0" inconclusive="0" skipped="0" asserts="66">
      <test-suite type="TestSuite" id="0-1057" name="Test" fullname="ProjectManager.Test" runstate="Runnable" testcasecount="52" result="Passed" start-time="2019-09-19 14:54:32Z" end-time="2019-09-19 14:54:33Z" duration="1.237262" total="52" passed="52" failed="0" warnings="0" inconclusive="0" skipped="0" asserts="66">
        <test-suite type="TestFixture" id="0-1000" name="ProjectControllerTest" fullname="ProjectManager.Test.ProjectControllerTest" classname="ProjectManager.Test.ProjectControllerTest" runstate="Runnable" testcasecount="17" result="Passed" start-time="2019-09-19 14:54:32Z" end-time="2019-09-19 14:54:33Z" duration="1.042907" total="17" passed="17" failed="0" warnings="0" inconclusive="0" skipped="0" asserts="19">
          <test-case id="0-1017" name="TestDeleteProject_CompletedTasksGreater" fullname="ProjectManager.Test.ProjectControllerTest.TestDeleteProject_CompletedTasksGreater" methodname="TestDeleteProject_CompletedTasksGreater" classname="ProjectManager.Test.ProjectControllerTest" runstate="Runnable" seed="1994188382" result="Passed" start-time="2019-09-19 14:54:32Z" end-time="2019-09-19 14:54:33Z" duration="0.808507" asserts="1" />
          <test-case id="0-1014" name="TestDeleteProject_NegativeProjectId" fullname="ProjectManager.Test.ProjectControllerTest.TestDeleteProject_NegativeProjectId" methodname="TestDeleteProject_NegativeProjectId" classname="ProjectManager.Test.ProjectControllerTest" runstate="Runnable" seed="994642718" result="Passed" start-time="2019-09-19 14:54:33Z" end-time="2019-09-19 14:54:33Z" duration="0.004488" asserts="1" />
          <test-case id="0-1016" name="TestDeleteProject_NegativeProjectIdInUser" fullname="ProjectManager.Test.ProjectControllerTest.TestDeleteProject_NegativeProjectIdInUser" methodname="TestDeleteProject_NegativeProjectIdInUser" classname="ProjectManager.Test.ProjectControllerTest" runstate="Runnable" seed="99688998" result="Passed" start-time="2019-09-19 14:54:33Z" end-time="2019-09-19 14:54:33Z" duration="0.002316" asserts="1" />
          <test-case id="0-1013" name="TestDeleteProject_NoProjectAsParameter" fullname="ProjectManager.Test.ProjectControllerTest.TestDeleteProject_NoProjectAsParameter" methodname="TestDeleteProject_NoProjectAsParameter" classname="ProjectManager.Test.ProjectControllerTest" runstate="Runnable" seed="974739103" result="Passed" start-time="2019-09-19 14:54:33Z" end-time="2019-09-19 14:54:33Z" duration="0.029924" asserts="1" />
          <test-case id="0-1015" name="TestDeleteProject_UserNullInProject" fullname="ProjectManager.Test.ProjectControllerTest.TestDeleteProject_UserNullInProject" methodname="TestDeleteProject_UserNullInProject" classname="ProjectManager.Test.ProjectControllerTest" runstate="Runnable" seed="1217455823" result="Passed" start-time="2019-09-19 14:54:33Z" end-time="2019-09-19 14:54:33Z" duration="0.002418" asserts="1" />
          <test-case id="0-1002" name="TestDeleteProjects_Success" fullname="ProjectManager.Test.ProjectControllerTest.TestDeleteProjects_Success" methodname="TestDeleteProjects_Success" classname="ProjectManager.Test.ProjectControllerTest" runstate="Runnable" seed="1550829565" result="Passed" start-time="2019-09-19 14:54:33Z" end-time="2019-09-19 14:54:33Z" duration="0.112578" asserts="2" />
          <test-case id="0-1007" name="TestInsertProject_CompletedTasksGreater" fullname="ProjectManager.Test.ProjectControllerTest.TestInsertProject_CompletedTasksGreater" methodname="TestInsertProject_CompletedTasksGreater" classname="ProjectManager.Test.ProjectControllerTest" runstate="Runnable" seed="382351411" result="Passed" start-time="2019-09-19 14:54:33Z" end-time="2019-09-19 14:54:33Z" duration="0.004398" asserts="1" />
          <test-case id="0-1004" name="TestInsertProject_NegativeProjectId" fullname="ProjectManager.Test.ProjectControllerTest.TestInsertProject_NegativeProjectId" methodname="TestInsertProject_NegativeProjectId" classname="ProjectManager.Test.ProjectControllerTest" runstate="Runnable" seed="1293802076" result="Passed" start-time="2019-09-19 14:54:33Z" end-time="2019-09-19 14:54:33Z" duration="0.003597" asserts="1" />
          <test-case id="0-1006" name="TestInsertProject_NegativeProjectIdInUser" fullname="ProjectManager.Test.ProjectControllerTest.TestInsertProject_NegativeProjectIdInUser" methodname="TestInsertProject_NegativeProjectIdInUser" classname="ProjectManager.Test.ProjectControllerTest" runstate="Runnable" seed="2036305260" result="Passed" start-time="2019-09-19 14:54:33Z" end-time="2019-09-19 14:54:33Z" duration="0.003748" asserts="1" />
          <test-case id="0-1003" name="TestInsertProject_NoProjectAsParameter" fullname="ProjectManager.Test.ProjectControllerTest.TestInsertProject_NoProjectAsParameter" methodname="TestInsertProject_NoProjectAsParameter" classname="ProjectManager.Test.ProjectControllerTest" runstate="Runnable" seed="1421574023" result="Passed" start-time="2019-09-19 14:54:33Z" end-time="2019-09-19 14:54:33Z" duration="0.002121" asserts="1" />
          <test-case id="0-1005" name="TestInsertProject_UserNullInProject" fullname="ProjectManager.Test.ProjectControllerTest.TestInsertProject_UserNullInProject" methodname="TestInsertProject_UserNullInProject" classname="ProjectManager.Test.ProjectControllerTest" runstate="Runnable" seed="1654433073" result="Passed" start-time="2019-09-19 14:54:33Z" end-time="2019-09-19 14:54:33Z" duration="0.002296" asserts="1" />
          <test-case id="0-1012" name="TestUpdateProject_CompletedTasksGreater" fullname="ProjectManager.Test.ProjectControllerTest.TestUpdateProject_CompletedTasksGreater" methodname="TestUpdateProject_CompletedTasksGreater" classname="ProjectManager.Test.ProjectControllerTest" runstate="Runnable" seed="626291143" result="Passed" start-time="2019-09-19 14:54:33Z" end-time="2019-09-19 14:54:33Z" duration="0.003547" asserts="1" />
          <test-case id="0-1009" name="TestUpdateProject_NegativeProjectId" fullname="ProjectManager.Test.ProjectControllerTest.TestUpdateProject_NegativeProjectId" methodname="TestUpdateProject_NegativeProjectId" classname="ProjectManager.Test.ProjectControllerTest" runstate="Runnable" seed="858498287" result="Passed" start-time="2019-09-19 14:54:33Z" end-time="2019-09-19 14:54:33Z" duration="0.002397" asserts="1" />
          <test-case id="0-1011" name="TestUpdateProject_NegativeProjectIdInUser" fullname="ProjectManager.Test.ProjectControllerTest.TestUpdateProject_NegativeProjectIdInUser" methodname="TestUpdateProject_NegativeProjectIdInUser" classname="ProjectManager.Test.ProjectControllerTest" runstate="Runnable" seed="1186755394" result="Passed" start-time="2019-09-19 14:54:33Z" end-time="2019-09-19 14:54:33Z" duration="0.002268" asserts="1" />
          <test-case id="0-1008" name="TestUpdateProject_NoProjectAsParameter" fullname="ProjectManager.Test.ProjectControllerTest.TestUpdateProject_NoProjectAsParameter" methodname="TestUpdateProject_NoProjectAsParameter" classname="ProjectManager.Test.ProjectControllerTest" runstate="Runnable" seed="1049435495" result="Passed" start-time="2019-09-19 14:54:33Z" end-time="2019-09-19 14:54:33Z" duration="0.001865" asserts="1" />
          <test-case id="0-1010" name="TestUpdateProject_UserNullInProject" fullname="ProjectManager.Test.ProjectControllerTest.TestUpdateProject_UserNullInProject" methodname="TestUpdateProject_UserNullInProject" classname="ProjectManager.Test.ProjectControllerTest" runstate="Runnable" seed="608947582" result="Passed" start-time="2019-09-19 14:54:33Z" end-time="2019-09-19 14:54:33Z" duration="0.002054" asserts="1" />
          <test-case id="0-1001" name="TestUpdateProjects_Success" fullname="ProjectManager.Test.ProjectControllerTest.TestUpdateProjects_Success" methodname="TestUpdateProjects_Success" classname="ProjectManager.Test.ProjectControllerTest" runstate="Runnable" seed="1156345351" result="Passed" start-time="2019-09-19 14:54:33Z" end-time="2019-09-19 14:54:33Z" duration="0.020410" asserts="2" />
        </test-suite>
        <test-suite type="TestFixture" id="0-1018" name="TaskControllerTest" fullname="ProjectManager.Test.TaskControllerTest" classname="ProjectManager.Test.TaskControllerTest" runstate="Runnable" testcasecount="18" result="Passed" start-time="2019-09-19 14:54:33Z" end-time="2019-09-19 14:54:33Z" duration="0.132776" total="18" passed="18" failed="0" warnings="0" inconclusive="0" skipped="0" asserts="26">
          <test-case id="0-1022" name="TestDeleteProjects_Success" fullname="ProjectManager.Test.TaskControllerTest.TestDeleteProjects_Success" methodname="TestDeleteProjects_Success" classname="ProjectManager.Test.TaskControllerTest" runstate="Runnable" seed="224738340" result="Passed" start-time="2019-09-19 14:54:33Z" end-time="2019-09-19 14:54:33Z" duration="0.023241" asserts="2" />
          <test-case id="0-1035" name="TestDeleteTask_NegativeProjectId" fullname="ProjectManager.Test.TaskControllerTest.TestDeleteTask_NegativeProjectId" methodname="TestDeleteTask_NegativeProjectId" classname="ProjectManager.Test.TaskControllerTest" runstate="Runnable" seed="1815592960" result="Passed" start-time="2019-09-19 14:54:33Z" end-time="2019-09-19 14:54:33Z" duration="0.003472" asserts="1" />
          <test-case id="0-1036" name="TestDeleteTask_NegativeTaskId" fullname="ProjectManager.Test.TaskControllerTest.TestDeleteTask_NegativeTaskId" methodname="TestDeleteTask_NegativeTaskId" classname="ProjectManager.Test.TaskControllerTest" runstate="Runnable" seed="1047106228" result="Passed" start-time="2019-09-19 14:54:33Z" end-time="2019-09-19 14:54:33Z" duration="0.003691" asserts="1" />
          <test-case id="0-1034" name="TestDeleteTask_NegativeTaskParentId" fullname="ProjectManager.Test.TaskControllerTest.TestDeleteTask_NegativeTaskParentId" methodname="TestDeleteTask_NegativeTaskParentId" classname="ProjectManager.Test.TaskControllerTest" runstate="Runnable" seed="992738526" result="Passed" start-time="2019-09-19 14:54:33Z" end-time="2019-09-19 14:54:33Z" duration="0.003370" asserts="1" />
          <test-case id="0-1033" name="TestDeleteTask_NullTaskObject" fullname="ProjectManager.Test.TaskControllerTest.TestDeleteTask_NullTaskObject" methodname="TestDeleteTask_NullTaskObject" classname="ProjectManager.Test.TaskControllerTest" runstate="Runnable" seed="646561167" result="Passed" start-time="2019-09-19 14:54:33Z" end-time="2019-09-19 14:54:33Z" duration="0.002038" asserts="1" />
          <test-case id="0-1027" name="TestInsertTask_NegativeProjectId" fullname="ProjectManager.Test.TaskControllerTest.TestInsertTask_NegativeProjectId" methodname="TestInsertTask_NegativeProjectId" classname="ProjectManager.Test.TaskControllerTest" runstate="Runnable" seed="1391575218" result="Passed" start-time="2019-09-19 14:54:33Z" end-time="2019-09-19 14:54:33Z" duration="0.003134" asserts="1" />
          <test-case id="0-1028" name="TestInsertTask_NegativeTaskId" fullname="ProjectManager.Test.TaskControllerTest.TestInsertTask_NegativeTaskId" methodname="TestInsertTask_NegativeTaskId" classname="ProjectManager.Test.TaskControllerTest" runstate="Runnable" seed="170921188" result="Passed" start-time="2019-09-19 14:54:33Z" end-time="2019-09-19 14:54:33Z" duration="0.002133" asserts="1" />
          <test-case id="0-1026" name="TestInsertTask_NegativeTaskParentId" fullname="ProjectManager.Test.TaskControllerTest.TestInsertTask_NegativeTaskParentId" methodname="TestInsertTask_NegativeTaskParentId" classname="ProjectManager.Test.TaskControllerTest" runstate="Runnable" seed="947304239" result="Passed" start-time="2019-09-19 14:54:33Z" end-time="2019-09-19 14:54:33Z" duration="0.001603" asserts="1" />
          <test-case id="0-1025" name="TestInsertTask_NullTaskObject" fullname="ProjectManager.Test.TaskControllerTest.TestInsertTask_NullTaskObject" methodname="TestInsertTask_NullTaskObject" classname="ProjectManager.Test.TaskControllerTest" runstate="Runnable" seed="473678056" result="Passed" start-time="2019-09-19 14:54:33Z" end-time="2019-09-19 14:54:33Z" duration="0.001781" asserts="1" />
          <test-case id="0-1020" name="TestRetrieveParentTasks_Success" fullname="ProjectManager.Test.TaskControllerTest.TestRetrieveParentTasks_Success" methodname="TestRetrieveParentTasks_Success" classname="ProjectManager.Test.TaskControllerTest" runstate="Runnable" seed="1666505402" result="Passed" start-time="2019-09-19 14:54:33Z" end-time="2019-09-19 14:54:33Z" duration="0.019130" asserts="3" />
          <test-case id="0-1024" name="TestRetrieveTaskByProjectId_NegativeTaskId" fullname="ProjectManager.Test.TaskControllerTest.TestRetrieveTaskByProjectId_NegativeTaskId" methodname="TestRetrieveTaskByProjectId_NegativeTaskId" classname="ProjectManager.Test.TaskControllerTest" runstate="Runnable" seed="440253829" result="Passed" start-time="2019-09-19 14:54:33Z" end-time="2019-09-19 14:54:33Z" duration="0.002574" asserts="1" />
          <test-case id="0-1023" name="TestRetrieveTaskByProjectId_Success" fullname="ProjectManager.Test.TaskControllerTest.TestRetrieveTaskByProjectId_Success" methodname="TestRetrieveTaskByProjectId_Success" classname="ProjectManager.Test.TaskControllerTest" runstate="Runnable" seed="1666642228" result="Passed" start-time="2019-09-19 14:54:33Z" end-time="2019-09-19 14:54:33Z" duration="0.033828" asserts="4" />
          <test-case id="0-1019" name="TestRetrieveTasks_Success" fullname="ProjectManager.Test.TaskControllerTest.TestRetrieveTasks_Success" methodname="TestRetrieveTasks_Success" classname="ProjectManager.Test.TaskControllerTest" runstate="Runnable" seed="2008295617" result="Passed" start-time="2019-09-19 14:54:33Z" end-time="2019-09-19 14:54:33Z" duration="0.007021" asserts="2" />
          <test-case id="0-1021" name="TestUpdateProjects_Success" fullname="ProjectManager.Test.TaskControllerTest.TestUpdateProjects_Success" methodname="TestUpdateProjects_Success" classname="ProjectManager.Test.TaskControllerTest" runstate="Runnable" seed="104443177" result="Passed" start-time="2019-09-19 14:54:33Z" end-time="2019-09-19 14:54:33Z" duration="0.011670" asserts="2" />
          <test-case id="0-1031" name="TestUpdateTask_NegativeProjectId" fullname="ProjectManager.Test.TaskControllerTest.TestUpdateTask_NegativeProjectId" methodname="TestUpdateTask_NegativeProjectId" classname="ProjectManager.Test.TaskControllerTest" runstate="Runnable" seed="1929545069" result="Passed" start-time="2019-09-19 14:54:33Z" end-time="2019-09-19 14:54:33Z" duration="0.001821" asserts="1" />
          <test-case id="0-1032" name="TestUpdateTask_NegativeTaskId" fullname="ProjectManager.Test.TaskControllerTest.TestUpdateTask_NegativeTaskId" methodname="TestUpdateTask_NegativeTaskId" classname="ProjectManager.Test.TaskControllerTest" runstate="Runnable" seed="690180666" result="Passed" start-time="2019-09-19 14:54:33Z" end-time="2019-09-19 14:54:33Z" duration="0.001801" asserts="1" />
          <test-case id="0-1030" name="TestUpdateTask_NegativeTaskParentId" fullname="ProjectManager.Test.TaskControllerTest.TestUpdateTask_NegativeTaskParentId" methodname="TestUpdateTask_NegativeTaskParentId" classname="ProjectManager.Test.TaskControllerTest" runstate="Runnable" seed="832250202" result="Passed" start-time="2019-09-19 14:54:33Z" end-time="2019-09-19 14:54:33Z" duration="0.001997" asserts="1" />
          <test-case id="0-1029" name="TestUpdateTask_NullTaskObject" fullname="ProjectManager.Test.TaskControllerTest.TestUpdateTask_NullTaskObject" methodname="TestUpdateTask_NullTaskObject" classname="ProjectManager.Test.TaskControllerTest" runstate="Runnable" seed="174354746" result="Passed" start-time="2019-09-19 14:54:33Z" end-time="2019-09-19 14:54:33Z" duration="0.001526" asserts="1" />
        </test-suite>
        <test-suite type="TestFixture" id="0-1037" name="UserControllerTest" fullname="ProjectManager.Test.UserControllerTest" classname="ProjectManager.Test.UserControllerTest" runstate="Runnable" testcasecount="17" result="Passed" start-time="2019-09-19 14:54:33Z" end-time="2019-09-19 14:54:33Z" duration="0.048754" total="17" passed="17" failed="0" warnings="0" inconclusive="0" skipped="0" asserts="21">
          <test-case id="0-1042" name="TestDeleteUser_InvalidEmployeeId" fullname="ProjectManager.Test.UserControllerTest.TestDeleteUser_InvalidEmployeeId" methodname="TestDeleteUser_InvalidEmployeeId" classname="ProjectManager.Test.UserControllerTest" runstate="Runnable" seed="246503925" result="Passed" start-time="2019-09-19 14:54:33Z" end-time="2019-09-19 14:54:33Z" duration="0.004246" asserts="1" />
          <test-case id="0-1044" name="TestDeleteUser_InvalidProjectIdFormat" fullname="ProjectManager.Test.UserControllerTest.TestDeleteUser_InvalidProjectIdFormat" methodname="TestDeleteUser_InvalidProjectIdFormat" classname="ProjectManager.Test.UserControllerTest" runstate="Runnable" seed="1343092936" result="Passed" start-time="2019-09-19 14:54:33Z" end-time="2019-09-19 14:54:33Z" duration="0.001928" asserts="1" />
          <test-case id="0-1043" name="TestDeleteUser_NegativeEmployeeId" fullname="ProjectManager.Test.UserControllerTest.TestDeleteUser_NegativeEmployeeId" methodname="TestDeleteUser_NegativeEmployeeId" classname="ProjectManager.Test.UserControllerTest" runstate="Runnable" seed="70304306" result="Passed" start-time="2019-09-19 14:54:33Z" end-time="2019-09-19 14:54:33Z" duration="0.002016" asserts="1" />
          <test-case id="0-1045" name="TestDeleteUser_NegativeUserIdFormat" fullname="ProjectManager.Test.UserControllerTest.TestDeleteUser_NegativeUserIdFormat" methodname="TestDeleteUser_NegativeUserIdFormat" classname="ProjectManager.Test.UserControllerTest" runstate="Runnable" seed="1860338618" result="Passed" start-time="2019-09-19 14:54:33Z" end-time="2019-09-19 14:54:33Z" duration="0.001951" asserts="1" />
          <test-case id="0-1040" name="TestDeleteUser_Success" fullname="ProjectManager.Test.UserControllerTest.TestDeleteUser_Success" methodname="TestDeleteUser_Success" classname="ProjectManager.Test.UserControllerTest" runstate="Runnable" seed="1493117535" result="Passed" start-time="2019-09-19 14:54:33Z" end-time="2019-09-19 14:54:33Z" duration="0.003350" asserts="2" />
          <test-case id="0-1041" name="TestDeleteUser_UserNullException" fullname="ProjectManager.Test.UserControllerTest.TestDeleteUser_UserNullException" methodname="TestDeleteUser_UserNullException" classname="ProjectManager.Test.UserControllerTest" runstate="Runnable" seed="1609979140" result="Passed" start-time="2019-09-19 14:54:33Z" end-time="2019-09-19 14:54:33Z" duration="0.001801" asserts="1" />
          <test-case id="0-1038" name="TestGetUser_Success" fullname="ProjectManager.Test.UserControllerTest.TestGetUser_Success" methodname="TestGetUser_Success" classname="ProjectManager.Test.UserControllerTest" runstate="Runnable" seed="473103277" result="Passed" start-time="2019-09-19 14:54:33Z" end-time="2019-09-19 14:54:33Z" duration="0.003853" asserts="3" />
          <test-case id="0-1052" name="TestInsertUser_InvalidEmployeeId" fullname="ProjectManager.Test.UserControllerTest.TestInsertUser_InvalidEmployeeId" methodname="TestInsertUser_InvalidEmployeeId" classname="ProjectManager.Test.UserControllerTest" runstate="Runnable" seed="1845386874" result="Passed" start-time="2019-09-19 14:54:33Z" end-time="2019-09-19 14:54:33Z" duration="0.002337" asserts="1" />
          <test-case id="0-1054" name="TestInsertUser_InvalidProjectIdFormat" fullname="ProjectManager.Test.UserControllerTest.TestInsertUser_InvalidProjectIdFormat" methodname="TestInsertUser_InvalidProjectIdFormat" classname="ProjectManager.Test.UserControllerTest" runstate="Runnable" seed="1600244259" result="Passed" start-time="2019-09-19 14:54:33Z" end-time="2019-09-19 14:54:33Z" duration="0.001923" asserts="1" />
          <test-case id="0-1053" name="TestInsertUser_NegativeEmployeeId" fullname="ProjectManager.Test.UserControllerTest.TestInsertUser_NegativeEmployeeId" methodname="TestInsertUser_NegativeEmployeeId" classname="ProjectManager.Test.UserControllerTest" runstate="Runnable" seed="893934337" result="Passed" start-time="2019-09-19 14:54:33Z" end-time="2019-09-19 14:54:33Z" duration="0.002943" asserts="1" />
          <test-case id="0-1051" name="TestInsertUser_UserNullException" fullname="ProjectManager.Test.UserControllerTest.TestInsertUser_UserNullException" methodname="TestInsertUser_UserNullException" classname="ProjectManager.Test.UserControllerTest" runstate="Runnable" seed="1788239320" result="Passed" start-time="2019-09-19 14:54:33Z" end-time="2019-09-19 14:54:33Z" duration="0.002018" asserts="1" />
          <test-case id="0-1047" name="TestUpdateUser_InvalidEmployeeId" fullname="ProjectManager.Test.UserControllerTest.TestUpdateUser_InvalidEmployeeId" methodname="TestUpdateUser_InvalidEmployeeId" classname="ProjectManager.Test.UserControllerTest" runstate="Runnable" seed="2062407421" result="Passed" start-time="2019-09-19 14:54:33Z" end-time="2019-09-19 14:54:33Z" duration="0.002647" asserts="1" />
          <test-case id="0-1049" name="TestUpdateUser_InvalidProjectIdFormat" fullname="ProjectManager.Test.UserControllerTest.TestUpdateUser_InvalidProjectIdFormat" methodname="TestUpdateUser_InvalidProjectIdFormat" classname="ProjectManager.Test.UserControllerTest" runstate="Runnable" seed="1637107723" result="Passed" start-time="2019-09-19 14:54:33Z" end-time="2019-09-19 14:54:33Z" duration="0.001738" asserts="1" />
          <test-case id="0-1048" name="TestUpdateUser_NegativeEmployeeId" fullname="ProjectManager.Test.UserControllerTest.TestUpdateUser_NegativeEmployeeId" methodname="TestUpdateUser_NegativeEmployeeId" classname="ProjectManager.Test.UserControllerTest" runstate="Runnable" seed="686844064" result="Passed" start-time="2019-09-19 14:54:33Z" end-time="2019-09-19 14:54:33Z" duration="0.001787" asserts="1" />
          <test-case id="0-1050" name="TestUpdateUser_NegativeUserIdFormat" fullname="ProjectManager.Test.UserControllerTest.TestUpdateUser_NegativeUserIdFormat" methodname="TestUpdateUser_NegativeUserIdFormat" classname="ProjectManager.Test.UserControllerTest" runstate="Runnable" seed="1771006359" result="Passed" start-time="2019-09-19 14:54:33Z" end-time="2019-09-19 14:54:33Z" duration="0.004058" asserts="1" />
          <test-case id="0-1039" name="TestUpdateUser_Success" fullname="ProjectManager.Test.UserControllerTest.TestUpdateUser_Success" methodname="TestUpdateUser_Success" classname="ProjectManager.Test.UserControllerTest" runstate="Runnable" seed="1834525730" result="Passed" start-time="2019-09-19 14:54:33Z" end-time="2019-09-19 14:54:33Z" duration="0.003925" asserts="2" />
          <test-case id="0-1046" name="TestUpdateUser_UserNullException" fullname="ProjectManager.Test.UserControllerTest.TestUpdateUser_UserNullException" methodname="TestUpdateUser_UserNullException" classname="ProjectManager.Test.UserControllerTest" runstate="Runnable" seed="1958432238" result="Passed" start-time="2019-09-19 14:54:33Z" end-time="2019-09-19 14:54:33Z" duration="0.001860" asserts="1" />
        </test-suite>
      </test-suite>
    </test-suite>
  </test-suite>
</test-run>